<?xml version="1.0" encoding="utf-8" standalone="no"?>
<test-run id="2" testcasecount="20" result="Passed" total="20" passed="20" failed="0" inconclusive="0" skipped="0" asserts="79" engine-version="3.10.0.0" clr-version="4.0.30319.42000" start-time="2019-06-07 12:54:23Z" end-time="2019-06-07 12:54:40Z" duration="16.538467">
  <command-line><![CDATA[/home/emathot/Workspace/Terradue/Components/sugar/DotNetOgcModel/packages/nunit.consolerunner/3.10.0/tools/nunit3-console.exe Terradue.ServiceModel.Ogc.Test/bin/net4.5/win/Terradue.ServiceModel.Ogc.Test.dll]]></command-line>
  <test-suite type="Assembly" id="0-1031" name="Terradue.ServiceModel.Ogc.Test.dll" fullname="/home/emathot/Workspace/Terradue/Components/sugar/DotNetOgcModel/Terradue.ServiceModel.Ogc.Test/bin/net4.5/win/Terradue.ServiceModel.Ogc.Test.dll" runstate="Runnable" testcasecount="20" result="Passed" start-time="2019-06-07 12:54:24Z" end-time="2019-06-07 12:54:40Z" duration="15.879126" total="20" passed="20" failed="0" warnings="0" inconclusive="0" skipped="0" asserts="79">
    <environment framework-version="3.12.0.0" clr-version="4.0.30319.42000" os-version="Unix 5.0.0.16" platform="Unix" cwd="/home/emathot/Workspace/Terradue/Components/sugar/DotNetOgcModel" machine-name="giglio" user="emathot" user-domain="giglio" culture="en-US" uiculture="en-US" os-architecture="x64" />
    <settings>
      <setting name="DisposeRunners" value="True" />
      <setting name="WorkDirectory" value="/home/emathot/Workspace/Terradue/Components/sugar/DotNetOgcModel" />
      <setting name="ImageRuntimeVersion" value="4.0.30319" />
      <setting name="ImageTargetFrameworkName" value=".NETFramework,Version=v4.5" />
      <setting name="ImageRequiresX86" value="False" />
      <setting name="ImageRequiresDefaultAppDomainAssemblyResolver" value="False" />
      <setting name="NumberOfTestWorkers" value="8" />
    </settings>
    <properties>
      <property name="_PID" value="25187" />
      <property name="_APPDOMAIN" value="domain-" />
    </properties>
    <test-suite type="TestSuite" id="0-1032" name="Terradue" fullname="Terradue" runstate="Runnable" testcasecount="20" result="Passed" start-time="2019-06-07 12:54:24Z" end-time="2019-06-07 12:54:40Z" duration="15.868879" total="20" passed="20" failed="0" warnings="0" inconclusive="0" skipped="0" asserts="79">
      <test-suite type="TestSuite" id="0-1033" name="ServiceModel" fullname="Terradue.ServiceModel" runstate="Runnable" testcasecount="20" result="Passed" start-time="2019-06-07 12:54:24Z" end-time="2019-06-07 12:54:40Z" duration="15.868705" total="20" passed="20" failed="0" warnings="0" inconclusive="0" skipped="0" asserts="79">
        <test-suite type="TestSuite" id="0-1034" name="Ogc" fullname="Terradue.ServiceModel.Ogc" runstate="Runnable" testcasecount="20" result="Passed" start-time="2019-06-07 12:54:24Z" end-time="2019-06-07 12:54:40Z" duration="15.868678" total="20" passed="20" failed="0" warnings="0" inconclusive="0" skipped="0" asserts="79">
          <test-suite type="SetUpFixture" id="0-1030" name="Test" fullname="Terradue.ServiceModel.Ogc.Test.Util" classname="Terradue.ServiceModel.Ogc.Test.Util" runstate="Runnable" testcasecount="20" result="Passed" start-time="2019-06-07 12:54:24Z" end-time="2019-06-07 12:54:40Z" duration="15.867466" total="20" passed="20" failed="0" warnings="0" inconclusive="0" skipped="0" asserts="79">
            <test-suite type="TestFixture" id="0-1000" name="AltSerializationTest" fullname="Terradue.ServiceModel.Ogc.Test.AltSerializationTest" classname="Terradue.ServiceModel.Ogc.Test.AltSerializationTest" runstate="Runnable" testcasecount="1" result="Passed" start-time="2019-06-07 12:54:24Z" end-time="2019-06-07 12:54:27Z" duration="3.070153" total="1" passed="1" failed="0" warnings="0" inconclusive="0" skipped="0" asserts="5">
              <test-case id="0-1001" name="AltExampleTestCase" fullname="Terradue.ServiceModel.Ogc.Test.AltSerializationTest.AltExampleTestCase" methodname="AltExampleTestCase" classname="Terradue.ServiceModel.Ogc.Test.AltSerializationTest" runstate="Runnable" seed="569224608" result="Passed" start-time="2019-06-07 12:54:24Z" end-time="2019-06-07 12:54:27Z" duration="3.062485" asserts="5" />
            </test-suite>
            <test-suite type="TestFixture" id="0-1002" name="EopSerializationTest" fullname="Terradue.ServiceModel.Ogc.Test.EopSerializationTest" classname="Terradue.ServiceModel.Ogc.Test.EopSerializationTest" runstate="Runnable" testcasecount="2" result="Passed" start-time="2019-06-07 12:54:27Z" end-time="2019-06-07 12:54:31Z" duration="4.098928" total="2" passed="2" failed="0" warnings="0" inconclusive="0" skipped="0" asserts="22">
              <test-case id="0-1003" name="EopExampleTestCase" fullname="Terradue.ServiceModel.Ogc.Test.EopSerializationTest.EopExampleTestCase" methodname="EopExampleTestCase" classname="Terradue.ServiceModel.Ogc.Test.EopSerializationTest" runstate="Runnable" seed="88732897" result="Passed" start-time="2019-06-07 12:54:27Z" end-time="2019-06-07 12:54:29Z" duration="2.082779" asserts="21" />
              <test-case id="0-1004" name="EopWithTypeTestCase" fullname="Terradue.ServiceModel.Ogc.Test.EopSerializationTest.EopWithTypeTestCase" methodname="EopWithTypeTestCase" classname="Terradue.ServiceModel.Ogc.Test.EopSerializationTest" runstate="Runnable" seed="1054877152" result="Passed" start-time="2019-06-07 12:54:29Z" end-time="2019-06-07 12:54:31Z" duration="2.015909" asserts="1" />
            </test-suite>
            <test-suite type="TestFixture" id="0-1018" name="ExceptonReportGenerationTest" fullname="Terradue.ServiceModel.Ogc.Test.ExceptonReportGenerationTest" classname="Terradue.ServiceModel.Ogc.Test.ExceptonReportGenerationTest" runstate="Runnable" testcasecount="2" result="Passed" start-time="2019-06-07 12:54:31Z" end-time="2019-06-07 12:54:31Z" duration="0.036719" total="2" passed="2" failed="0" warnings="0" inconclusive="0" skipped="0" asserts="0">
              <test-case id="0-1020" name="AggregateExceptionReport" fullname="Terradue.ServiceModel.Ogc.Test.ExceptonReportGenerationTest.AggregateExceptionReport" methodname="AggregateExceptionReport" classname="Terradue.ServiceModel.Ogc.Test.ExceptonReportGenerationTest" runstate="Runnable" seed="1699856943" result="Passed" start-time="2019-06-07 12:54:31Z" end-time="2019-06-07 12:54:31Z" duration="0.035249" asserts="0" />
              <test-case id="0-1019" name="SimpleReport" fullname="Terradue.ServiceModel.Ogc.Test.ExceptonReportGenerationTest.SimpleReport" methodname="SimpleReport" classname="Terradue.ServiceModel.Ogc.Test.ExceptonReportGenerationTest" runstate="Runnable" seed="590998114" result="Passed" start-time="2019-06-07 12:54:31Z" end-time="2019-06-07 12:54:31Z" duration="0.001258" asserts="0" />
            </test-suite>
            <test-suite type="TestFixture" id="0-1026" name="Gml32Test" fullname="Terradue.ServiceModel.Ogc.Test.Gml32Test" classname="Terradue.ServiceModel.Ogc.Test.Gml32Test" runstate="Runnable" testcasecount="3" result="Passed" start-time="2019-06-07 12:54:31Z" end-time="2019-06-07 12:54:32Z" duration="0.467986" total="3" passed="3" failed="0" warnings="0" inconclusive="0" skipped="0" asserts="3">
              <test-case id="0-1029" name="FromGMLMultiPoint" fullname="Terradue.ServiceModel.Ogc.Test.Gml32Test.FromGMLMultiPoint" methodname="FromGMLMultiPoint" classname="Terradue.ServiceModel.Ogc.Test.Gml32Test" runstate="Runnable" seed="1655675955" result="Passed" start-time="2019-06-07 12:54:31Z" end-time="2019-06-07 12:54:31Z" duration="0.133154" asserts="1" />
              <test-case id="0-1027" name="Gml32MultiCurveWithLinearStringTestCase" fullname="Terradue.ServiceModel.Ogc.Test.Gml32Test.Gml32MultiCurveWithLinearStringTestCase" methodname="Gml32MultiCurveWithLinearStringTestCase" classname="Terradue.ServiceModel.Ogc.Test.Gml32Test" runstate="Runnable" seed="1399833259" result="Passed" start-time="2019-06-07 12:54:31Z" end-time="2019-06-07 12:54:31Z" duration="0.163006" asserts="1" />
              <test-case id="0-1028" name="Gml32MultiSurfaceTestCase" fullname="Terradue.ServiceModel.Ogc.Test.Gml32Test.Gml32MultiSurfaceTestCase" methodname="Gml32MultiSurfaceTestCase" classname="Terradue.ServiceModel.Ogc.Test.Gml32Test" runstate="Runnable" seed="1741628456" result="Passed" start-time="2019-06-07 12:54:31Z" end-time="2019-06-07 12:54:32Z" duration="0.169484" asserts="1" />
            </test-suite>
            <test-suite type="TestFixture" id="0-1021" name="GmlTest" fullname="Terradue.ServiceModel.Ogc.Test.GmlTest" classname="Terradue.ServiceModel.Ogc.Test.GmlTest" runstate="Runnable" testcasecount="4" result="Passed" start-time="2019-06-07 12:54:32Z" end-time="2019-06-07 12:54:32Z" duration="0.621802" total="4" passed="4" failed="0" warnings="0" inconclusive="0" skipped="0" asserts="3">
              <test-case id="0-1023" name="GmlMultiCurveWithLinearStringTestCase" fullname="Terradue.ServiceModel.Ogc.Test.GmlTest.GmlMultiCurveWithLinearStringTestCase" methodname="GmlMultiCurveWithLinearStringTestCase" classname="Terradue.ServiceModel.Ogc.Test.GmlTest" runstate="Runnable" seed="223067961" result="Passed" start-time="2019-06-07 12:54:32Z" end-time="2019-06-07 12:54:32Z" duration="0.127488" asserts="1" />
              <test-case id="0-1022" name="GmlMultiPolygonTestCase" fullname="Terradue.ServiceModel.Ogc.Test.GmlTest.GmlMultiPolygonTestCase" methodname="GmlMultiPolygonTestCase" classname="Terradue.ServiceModel.Ogc.Test.GmlTest" runstate="Runnable" seed="929024735" result="Passed" start-time="2019-06-07 12:54:32Z" end-time="2019-06-07 12:54:32Z" duration="0.191918" asserts="1" />
              <test-case id="0-1024" name="GmlMultiSurfaceTestCase" fullname="Terradue.ServiceModel.Ogc.Test.GmlTest.GmlMultiSurfaceTestCase" methodname="GmlMultiSurfaceTestCase" classname="Terradue.ServiceModel.Ogc.Test.GmlTest" runstate="Runnable" seed="1355362991" result="Passed" start-time="2019-06-07 12:54:32Z" end-time="2019-06-07 12:54:32Z" duration="0.239063" asserts="1" />
              <test-case id="0-1025" name="WPSwithGmlMD" fullname="Terradue.ServiceModel.Ogc.Test.GmlTest.WPSwithGmlMD" methodname="WPSwithGmlMD" classname="Terradue.ServiceModel.Ogc.Test.GmlTest" runstate="Runnable" seed="276380999" result="Passed" start-time="2019-06-07 12:54:32Z" end-time="2019-06-07 12:54:32Z" duration="0.062989" asserts="0" />
            </test-suite>
            <test-suite type="TestFixture" id="0-1005" name="LmbSerializationTest" fullname="Terradue.ServiceModel.Ogc.Test.LmbSerializationTest" classname="Terradue.ServiceModel.Ogc.Test.LmbSerializationTest" runstate="Runnable" testcasecount="1" result="Passed" start-time="2019-06-07 12:54:32Z" end-time="2019-06-07 12:54:35Z" duration="2.282196" total="1" passed="1" failed="0" warnings="0" inconclusive="0" skipped="0" asserts="5">
              <test-case id="0-1006" name="LmbExampleTestCase" fullname="Terradue.ServiceModel.Ogc.Test.LmbSerializationTest.LmbExampleTestCase" methodname="LmbExampleTestCase" classname="Terradue.ServiceModel.Ogc.Test.LmbSerializationTest" runstate="Runnable" seed="1850435482" result="Passed" start-time="2019-06-07 12:54:32Z" end-time="2019-06-07 12:54:35Z" duration="2.281979" asserts="5" />
            </test-suite>
            <test-suite type="TestFixture" id="0-1007" name="Opt21SerializationTest" fullname="Terradue.ServiceModel.Ogc.Test.Opt21SerializationTest" classname="Terradue.ServiceModel.Ogc.Test.Opt21SerializationTest" runstate="Runnable" testcasecount="2" result="Passed" start-time="2019-06-07 12:54:35Z" end-time="2019-06-07 12:54:37Z" duration="2.415451" total="2" passed="2" failed="0" warnings="0" inconclusive="0" skipped="0" asserts="23">
              <test-case id="0-1008" name="OptExampleTestCase" fullname="Terradue.ServiceModel.Ogc.Test.Opt21SerializationTest.OptExampleTestCase" methodname="OptExampleTestCase" classname="Terradue.ServiceModel.Ogc.Test.Opt21SerializationTest" runstate="Runnable" seed="704073981" result="Passed" start-time="2019-06-07 12:54:35Z" end-time="2019-06-07 12:54:37Z" duration="2.411070" asserts="22" />
              <test-case id="0-1009" name="OptWithTypeTestCase" fullname="Terradue.ServiceModel.Ogc.Test.Opt21SerializationTest.OptWithTypeTestCase" methodname="OptWithTypeTestCase" classname="Terradue.ServiceModel.Ogc.Test.Opt21SerializationTest" runstate="Runnable" seed="132668606" result="Passed" start-time="2019-06-07 12:54:37Z" end-time="2019-06-07 12:54:37Z" duration="0.004129" asserts="1" />
            </test-suite>
            <test-suite type="TestFixture" id="0-1010" name="SarSerializationTest" fullname="Terradue.ServiceModel.Ogc.Test.SarSerializationTest" classname="Terradue.ServiceModel.Ogc.Test.SarSerializationTest" runstate="Runnable" testcasecount="2" result="Passed" start-time="2019-06-07 12:54:37Z" end-time="2019-06-07 12:54:40Z" duration="2.677305" total="2" passed="2" failed="0" warnings="0" inconclusive="0" skipped="0" asserts="16">
              <test-suite type="ParameterizedMethod" id="0-1013" name="DeserializeSar" fullname="Terradue.ServiceModel.Ogc.Test.SarSerializationTest.DeserializeSar" classname="Terradue.ServiceModel.Ogc.Test.SarSerializationTest" runstate="Runnable" testcasecount="1" result="Passed" start-time="2019-06-07 12:54:37Z" end-time="2019-06-07 12:54:40Z" duration="2.578335" total="1" passed="1" failed="0" warnings="0" inconclusive="0" skipped="0" asserts="1">
                <test-case id="0-1012" name="DeserializeSar()" fullname="Terradue.ServiceModel.Ogc.Test.SarSerializationTest.DeserializeSar()" methodname="DeserializeSar" classname="Terradue.ServiceModel.Ogc.Test.SarSerializationTest" runstate="Runnable" seed="1347258450" result="Passed" start-time="2019-06-07 12:54:37Z" end-time="2019-06-07 12:54:40Z" duration="2.578115" asserts="1" />
              </test-suite>
              <test-case id="0-1011" name="SarExampleTestCase" fullname="Terradue.ServiceModel.Ogc.Test.SarSerializationTest.SarExampleTestCase" methodname="SarExampleTestCase" classname="Terradue.ServiceModel.Ogc.Test.SarSerializationTest" runstate="Runnable" seed="1330628445" result="Passed" start-time="2019-06-07 12:54:40Z" end-time="2019-06-07 12:54:40Z" duration="0.098738" asserts="15" />
            </test-suite>
            <test-suite type="TestFixture" id="0-1014" name="SerializationTest" fullname="Terradue.ServiceModel.Ogc.Test.SerializationTest" classname="Terradue.ServiceModel.Ogc.Test.SerializationTest" runstate="Runnable" testcasecount="3" result="Passed" start-time="2019-06-07 12:54:40Z" end-time="2019-06-07 12:54:40Z" duration="0.191649" total="3" passed="3" failed="0" warnings="0" inconclusive="0" skipped="0" asserts="2">
              <test-case id="0-1016" name="SerializeFootprint" fullname="Terradue.ServiceModel.Ogc.Test.SerializationTest.SerializeFootprint" methodname="SerializeFootprint" classname="Terradue.ServiceModel.Ogc.Test.SerializationTest" runstate="Runnable" seed="372052245" result="Passed" start-time="2019-06-07 12:54:40Z" end-time="2019-06-07 12:54:40Z" duration="0.001440" asserts="0" />
              <test-case id="0-1017" name="SerializeWhiteSpaces" fullname="Terradue.ServiceModel.Ogc.Test.SerializationTest.SerializeWhiteSpaces" methodname="SerializeWhiteSpaces" classname="Terradue.ServiceModel.Ogc.Test.SerializationTest" runstate="Runnable" seed="245904428" result="Passed" start-time="2019-06-07 12:54:40Z" end-time="2019-06-07 12:54:40Z" duration="0.001874" asserts="0" />
              <test-case id="0-1015" name="TestCase" fullname="Terradue.ServiceModel.Ogc.Test.SerializationTest.TestCase" methodname="TestCase" classname="Terradue.ServiceModel.Ogc.Test.SerializationTest" runstate="Runnable" seed="785497283" result="Passed" start-time="2019-06-07 12:54:40Z" end-time="2019-06-07 12:54:40Z" duration="0.188035" asserts="2" />
            </test-suite>
          </test-suite>
        </test-suite>
      </test-suite>
    </test-suite>
  </test-suite>
</test-run>